#-----------------------------------------------------------
# Vivado v2019.1 (64-bit)
# SW Build 2552052 on Fri May 24 14:49:42 MDT 2019
# IP Build 2548770 on Fri May 24 18:01:18 MDT 2019
# Start of session at: Sun Dec 29 15:38:01 2019
# Process ID: 4656
# Current directory: C:/Users/CHEN/Downloads/sample code
# Command line: vivado.exe -gui_launcher_event rodinguilauncherevent15844 C:\Users\CHEN\Downloads\sample code\lab10.xpr
# Log file: C:/Users/CHEN/Downloads/sample code/vivado.log
# Journal file: C:/Users/CHEN/Downloads/sample code\vivado.jou
#-----------------------------------------------------------
start_gui
open_project {C:/Users/CHEN/Downloads/sample code/lab10.xpr}
INFO: [Project 1-313] Project file moved from 'C:/Users/Henry/Desktop/FP/lab10' since last save.
Scanning sources...
Finished scanning sources
INFO: [IP_Flow 19-234] Refreshing IP repositories
INFO: [IP_Flow 19-1704] No user IP repositories specified
INFO: [IP_Flow 19-2313] Loaded Vivado IP repository 'C:/Xilinx/Vivado/2019.1/data/ip'.
open_project: Time (s): cpu = 00:00:15 ; elapsed = 00:00:06 . Memory (MB): peak = 722.953 ; gain = 95.926
update_compile_order -fileset sources_1
add_files -norecurse {{C:/Users/CHEN/Downloads/sample code/lab10.srcs/sources_1/ball20x20.mem}}
add_files -norecurse {{C:/Users/CHEN/Downloads/sample code/lab10.srcs/sources_1/sram_ball.v}}
update_compile_order -fileset sources_1
exit
INFO: [Common 17-206] Exiting Vivado at Sun Dec 29 17:53:17 2019...
