#-----------------------------------------------------------
# Vivado v2019.1 (64-bit)
# SW Build 2552052 on Fri May 24 14:49:42 MDT 2019
# IP Build 2548770 on Fri May 24 18:01:18 MDT 2019
# Start of session at: Fri Dec 20 16:57:00 2019
# Process ID: 37188
# Current directory: C:/Users/Henry/Desktop/FP/lab10
# Command line: vivado.exe -gui_launcher_event rodinguilauncherevent48372 C:\Users\Henry\Desktop\FP\lab10\lab10.xpr
# Log file: C:/Users/Henry/Desktop/FP/lab10/vivado.log
# Journal file: C:/Users/Henry/Desktop/FP/lab10\vivado.jou
#-----------------------------------------------------------
start_gui
open_project C:/Users/Henry/Desktop/FP/lab10/lab10.xpr
INFO: [Project 1-313] Project file moved from 'C:/Users/Good/Desktop/lab10' since last save.
Scanning sources...
Finished scanning sources
INFO: [Project 1-230] Project 'lab10.xpr' upgraded for this version of Vivado.
INFO: [IP_Flow 19-234] Refreshing IP repositories
INFO: [IP_Flow 19-1704] No user IP repositories specified
INFO: [IP_Flow 19-2313] Loaded Vivado IP repository 'D:/Xilinx/Vivado/2019.1/data/ip'.
open_project: Time (s): cpu = 00:00:12 ; elapsed = 00:00:12 . Memory (MB): peak = 627.750 ; gain = 39.156
update_compile_order -fileset sources_1
export_ip_user_files -of_objects  [get_files C:/Users/Henry/Desktop/FP/lab10/lab10.srcs/sources_1/images.mem] -no_script -reset -force -quiet
remove_files  C:/Users/Henry/Desktop/FP/lab10/lab10.srcs/sources_1/images.mem
add_files -norecurse C:/Users/Henry/Desktop/FP/lab10/lab10.srcs/sources_1/background.mem
launch_runs impl_1 -to_step write_bitstream -jobs 4
[Fri Dec 20 17:08:23 2019] Launched synth_1...
Run output will be captured here: C:/Users/Henry/Desktop/FP/lab10/lab10.runs/synth_1/runme.log
[Fri Dec 20 17:08:23 2019] Launched impl_1...
Run output will be captured here: C:/Users/Henry/Desktop/FP/lab10/lab10.runs/impl_1/runme.log
exit
INFO: [Common 17-206] Exiting Vivado at Fri Dec 20 17:20:19 2019...
