#-----------------------------------------------------------
# Vivado v2019.1 (64-bit)
# SW Build 2552052 on Fri May 24 14:49:42 MDT 2019
# IP Build 2548770 on Fri May 24 18:01:18 MDT 2019
# Start of session at: Sun Dec 29 20:34:22 2019
# Process ID: 14064
# Current directory: C:/Users/CHEN/Downloads/sample code
# Command line: vivado.exe -gui_launcher_event rodinguilauncherevent8408 C:\Users\CHEN\Downloads\sample code\lab10.xpr
# Log file: C:/Users/CHEN/Downloads/sample code/vivado.log
# Journal file: C:/Users/CHEN/Downloads/sample code\vivado.jou
#-----------------------------------------------------------
start_gui
open_project {C:/Users/CHEN/Downloads/sample code/lab10.xpr}
Scanning sources...
Finished scanning sources
INFO: [IP_Flow 19-234] Refreshing IP repositories
INFO: [IP_Flow 19-1704] No user IP repositories specified
INFO: [IP_Flow 19-2313] Loaded Vivado IP repository 'C:/Xilinx/Vivado/2019.1/data/ip'.
open_project: Time (s): cpu = 00:00:15 ; elapsed = 00:00:06 . Memory (MB): peak = 739.992 ; gain = 113.098
update_compile_order -fileset sources_1
update_compile_order -fileset sources_1
WARNING: [filemgmt 56-199] Attempt to get parsing info during refresh. "On-the-fly" syntax checking information may be incorrect. [C:/Users/CHEN/Downloads/sample code/lab10.srcs/sources_1/lab10.v:]
WARNING: [filemgmt 56-199] Attempt to get parsing info during refresh. "On-the-fly" syntax checking information may be incorrect. [C:/Users/CHEN/Downloads/sample code/lab10.srcs/sources_1/sram.v:]
WARNING: [filemgmt 56-199] Attempt to get parsing info during refresh. "On-the-fly" syntax checking information may be incorrect. [C:/Users/CHEN/Downloads/sample code/lab10.srcs/sources_1/sram_ball.v:]
ERROR: [Common 17-180] Spawn failed: No error
reset_run synth_1
launch_runs synth_1 -jobs 4
[Sun Dec 29 21:17:07 2019] Launched synth_1...
Run output will be captured here: C:/Users/CHEN/Downloads/sample code/lab10.runs/synth_1/runme.log
launch_runs impl_1 -jobs 4
[Sun Dec 29 21:18:08 2019] Launched impl_1...
Run output will be captured here: C:/Users/CHEN/Downloads/sample code/lab10.runs/impl_1/runme.log
launch_runs impl_1 -to_step write_bitstream -jobs 4
[Sun Dec 29 21:20:58 2019] Launched impl_1...
Run output will be captured here: C:/Users/CHEN/Downloads/sample code/lab10.runs/impl_1/runme.log
open_hw
connect_hw_server
INFO: [Labtools 27-2285] Connecting to hw_server url TCP:localhost:3121
INFO: [Labtools 27-2222] Launching hw_server...
INFO: [Labtools 27-2221] Launch Output:

****** Xilinx hw_server v2019.1
  **** Build date : May 24 2019 at 15:13:31
    ** Copyright 1986-2019 Xilinx, Inc. All Rights Reserved.


connect_hw_server: Time (s): cpu = 00:00:01 ; elapsed = 00:00:06 . Memory (MB): peak = 818.910 ; gain = 13.848
open_hw_target
INFO: [Labtoolstcl 44-466] Opening hw_target localhost:3121/xilinx_tcf/Digilent/210319A438D0A
open_hw_target: Time (s): cpu = 00:00:05 ; elapsed = 00:00:05 . Memory (MB): peak = 1929.465 ; gain = 1110.555
current_hw_device [get_hw_devices xc7a35t_0]
refresh_hw_device -update_hw_probes false [lindex [get_hw_devices xc7a35t_0] 0]
