
*** Running vivado
    with args -log pika_2P.vds -m64 -product Vivado -mode batch -messageDb vivado.pb -notrace -source pika_2P.tcl


****** Vivado v2019.1 (64-bit)
  **** SW Build 2552052 on Fri May 24 14:49:42 MDT 2019
  **** IP Build 2548770 on Fri May 24 18:01:18 MDT 2019
    ** Copyright 1986-2019 Xilinx, Inc. All Rights Reserved.

source pika_2P.tcl -notrace
Command: synth_design -top pika_2P -part xc7a12ticsg325-1L
Starting synth_design
Attempting to get a license for feature 'Synthesis' and/or device 'xc7a12ti'
INFO: [Common 17-349] Got license for feature 'Synthesis' and/or device 'xc7a12ti'
INFO: [Device 21-403] Loading part xc7a12ticsg325-1L
INFO: Launching helper process for spawning children vivado processes
INFO: Helper process launched with PID 2232 
---------------------------------------------------------------------------------
Starting RTL Elaboration : Time (s): cpu = 00:00:05 ; elapsed = 00:00:05 . Memory (MB): peak = 661.078 ; gain = 178.227
---------------------------------------------------------------------------------
INFO: [Synth 8-6157] synthesizing module 'pika_2P' [D:/GoogleDrive/Sophomore/DLAB/Pika/pika_2p/pika_2p.srcs/sources_1/new/pika_2P.v:23]
	Parameter VBUF_W bound to: 320 - type: integer 
	Parameter VBUF_H bound to: 240 - type: integer 
	Parameter BALL_W bound to: 20 - type: integer 
	Parameter BALL_H bound to: 20 - type: integer 
	Parameter PIKA2_W bound to: 50 - type: integer 
	Parameter PIKA2_H bound to: 45 - type: integer 
	Parameter pika2y bound to: 170 - type: integer 
INFO: [Synth 8-6157] synthesizing module 'vga_sync' [D:/GoogleDrive/Sophomore/DLAB/Pika/pika_2p/pika_2p.srcs/sources_1/new/vga_sync.v:19]
	Parameter HD bound to: 640 - type: integer 
	Parameter HF bound to: 48 - type: integer 
	Parameter HB bound to: 16 - type: integer 
	Parameter HR bound to: 96 - type: integer 
	Parameter VD bound to: 480 - type: integer 
	Parameter VF bound to: 10 - type: integer 
	Parameter VB bound to: 33 - type: integer 
	Parameter VR bound to: 2 - type: integer 
INFO: [Synth 8-6155] done synthesizing module 'vga_sync' (1#1) [D:/GoogleDrive/Sophomore/DLAB/Pika/pika_2p/pika_2p.srcs/sources_1/new/vga_sync.v:19]
INFO: [Synth 8-6157] synthesizing module 'clk_divider' [D:/GoogleDrive/Sophomore/DLAB/Pika/pika_2p/pika_2p.srcs/sources_1/new/clk_divider.v:21]
	Parameter divider bound to: 2 - type: integer 
	Parameter half_divider bound to: 1 - type: integer 
	Parameter divider_minus_one bound to: 1 - type: integer 
INFO: [Synth 8-6155] done synthesizing module 'clk_divider' (2#1) [D:/GoogleDrive/Sophomore/DLAB/Pika/pika_2p/pika_2p.srcs/sources_1/new/clk_divider.v:21]
INFO: [Synth 8-6157] synthesizing module 'sram' [D:/GoogleDrive/Sophomore/DLAB/Pika/pika_2p/pika_2p.srcs/sources_1/new/sram.v:8]
	Parameter DATA_WIDTH bound to: 12 - type: integer 
	Parameter ADDR_WIDTH bound to: 18 - type: integer 
	Parameter RAM_SIZE bound to: 76800 - type: integer 
INFO: [Synth 8-5534] Detected attribute (* ram_style = "block" *) [D:/GoogleDrive/Sophomore/DLAB/Pika/pika_2p/pika_2p.srcs/sources_1/new/sram.v:16]
INFO: [Synth 8-3876] $readmem data file 'background.mem' is read successfully [D:/GoogleDrive/Sophomore/DLAB/Pika/pika_2p/pika_2p.srcs/sources_1/new/sram.v:25]
INFO: [Synth 8-6155] done synthesizing module 'sram' (3#1) [D:/GoogleDrive/Sophomore/DLAB/Pika/pika_2p/pika_2p.srcs/sources_1/new/sram.v:8]
INFO: [Synth 8-6157] synthesizing module 'sram_ball' [D:/GoogleDrive/Sophomore/DLAB/Pika/pika_2p/pika_2p.srcs/sources_1/new/sram_ball.v:8]
	Parameter DATA_WIDTH bound to: 12 - type: integer 
	Parameter ADDR_WIDTH bound to: 18 - type: integer 
	Parameter RAM_SIZE bound to: 400 - type: integer 
INFO: [Synth 8-5534] Detected attribute (* ram_style = "block" *) [D:/GoogleDrive/Sophomore/DLAB/Pika/pika_2p/pika_2p.srcs/sources_1/new/sram_ball.v:16]
INFO: [Synth 8-3876] $readmem data file 'background.mem' is read successfully [D:/GoogleDrive/Sophomore/DLAB/Pika/pika_2p/pika_2p.srcs/sources_1/new/sram_ball.v:25]
INFO: [Synth 8-6155] done synthesizing module 'sram_ball' (4#1) [D:/GoogleDrive/Sophomore/DLAB/Pika/pika_2p/pika_2p.srcs/sources_1/new/sram_ball.v:8]
INFO: [Synth 8-6157] synthesizing module 'sram_pika2' [D:/GoogleDrive/Sophomore/DLAB/Pika/pika_2p/pika_2p.srcs/sources_1/new/sram_pika2.v:8]
	Parameter DATA_WIDTH bound to: 12 - type: integer 
	Parameter ADDR_WIDTH bound to: 18 - type: integer 
	Parameter RAM_SIZE bound to: 9000 - type: integer 
INFO: [Synth 8-5534] Detected attribute (* ram_style = "block" *) [D:/GoogleDrive/Sophomore/DLAB/Pika/pika_2p/pika_2p.srcs/sources_1/new/sram_pika2.v:16]
INFO: [Synth 8-3876] $readmem data file 'toright.mem' is read successfully [D:/GoogleDrive/Sophomore/DLAB/Pika/pika_2p/pika_2p.srcs/sources_1/new/sram_pika2.v:25]
INFO: [Synth 8-6155] done synthesizing module 'sram_pika2' (5#1) [D:/GoogleDrive/Sophomore/DLAB/Pika/pika_2p/pika_2p.srcs/sources_1/new/sram_pika2.v:8]
WARNING: [Synth 8-6014] Unused sequential element start_reg was removed.  [D:/GoogleDrive/Sophomore/DLAB/Pika/pika_2p/pika_2p.srcs/sources_1/new/pika_2P.v:191]
WARNING: [Synth 8-6014] Unused sequential element pika2_stop_pos_reg was removed.  [D:/GoogleDrive/Sophomore/DLAB/Pika/pika_2p/pika_2p.srcs/sources_1/new/pika_2P.v:281]
WARNING: [Synth 8-6014] Unused sequential element pika2_addr_reg was removed.  [D:/GoogleDrive/Sophomore/DLAB/Pika/pika_2p/pika_2p.srcs/sources_1/new/pika_2P.v:303]
WARNING: [Synth 8-3848] Net usr_led in module/entity pika_2P does not have driver. [D:/GoogleDrive/Sophomore/DLAB/Pika/pika_2p/pika_2p.srcs/sources_1/new/pika_2P.v:27]
INFO: [Synth 8-6155] done synthesizing module 'pika_2P' (6#1) [D:/GoogleDrive/Sophomore/DLAB/Pika/pika_2p/pika_2p.srcs/sources_1/new/pika_2P.v:23]
WARNING: [Synth 8-3331] design sram_pika2 has unconnected port addr[17]
WARNING: [Synth 8-3331] design sram_pika2 has unconnected port addr[16]
WARNING: [Synth 8-3331] design sram_pika2 has unconnected port addr[15]
WARNING: [Synth 8-3331] design sram_pika2 has unconnected port addr[14]
WARNING: [Synth 8-3331] design sram_ball has unconnected port addr[17]
WARNING: [Synth 8-3331] design sram_ball has unconnected port addr[16]
WARNING: [Synth 8-3331] design sram_ball has unconnected port addr[15]
WARNING: [Synth 8-3331] design sram_ball has unconnected port addr[14]
WARNING: [Synth 8-3331] design sram_ball has unconnected port addr[13]
WARNING: [Synth 8-3331] design sram_ball has unconnected port addr[12]
WARNING: [Synth 8-3331] design sram_ball has unconnected port addr[11]
WARNING: [Synth 8-3331] design sram_ball has unconnected port addr[10]
WARNING: [Synth 8-3331] design sram_ball has unconnected port addr[9]
WARNING: [Synth 8-3331] design sram has unconnected port addr[17]
WARNING: [Synth 8-3331] design pika_2P has unconnected port usr_led[3]
WARNING: [Synth 8-3331] design pika_2P has unconnected port usr_led[2]
WARNING: [Synth 8-3331] design pika_2P has unconnected port usr_led[1]
WARNING: [Synth 8-3331] design pika_2P has unconnected port usr_led[0]
---------------------------------------------------------------------------------
Finished RTL Elaboration : Time (s): cpu = 00:00:07 ; elapsed = 00:00:08 . Memory (MB): peak = 777.387 ; gain = 294.535
---------------------------------------------------------------------------------

Report Check Netlist: 
+------+------------------+-------+---------+-------+------------------+
|      |Item              |Errors |Warnings |Status |Description       |
+------+------------------+-------+---------+-------+------------------+
|1     |multi_driven_nets |      0|        0|Passed |Multi driven nets |
+------+------------------+-------+---------+-------+------------------+
---------------------------------------------------------------------------------
Start Handling Custom Attributes
---------------------------------------------------------------------------------
---------------------------------------------------------------------------------
Finished Handling Custom Attributes : Time (s): cpu = 00:00:08 ; elapsed = 00:00:09 . Memory (MB): peak = 777.387 ; gain = 294.535
---------------------------------------------------------------------------------
---------------------------------------------------------------------------------
Finished RTL Optimization Phase 1 : Time (s): cpu = 00:00:08 ; elapsed = 00:00:09 . Memory (MB): peak = 777.387 ; gain = 294.535
---------------------------------------------------------------------------------
INFO: [Project 1-570] Preparing netlist for logic optimization

Processing XDC Constraints
Initializing timing engine
Parsing XDC File [D:/GoogleDrive/Sophomore/DLAB/Pika/pika_2p/pika_2p.srcs/constrs_1/lab10.xdc]
Finished Parsing XDC File [D:/GoogleDrive/Sophomore/DLAB/Pika/pika_2p/pika_2p.srcs/constrs_1/lab10.xdc]
INFO: [Project 1-236] Implementation specific constraints were found while reading constraint file [D:/GoogleDrive/Sophomore/DLAB/Pika/pika_2p/pika_2p.srcs/constrs_1/lab10.xdc]. These constraints will be ignored for synthesis but will be used in implementation. Impacted constraints are listed in the file [.Xil/pika_2P_propImpl.xdc].
Resolution: To avoid this warning, move constraints listed in [.Xil/pika_2P_propImpl.xdc] to another XDC file and exclude this new file from synthesis with the used_in_synthesis property (File Properties dialog in GUI) and re-run elaboration/synthesis.
Completed Processing XDC Constraints

Netlist sorting complete. Time (s): cpu = 00:00:00 ; elapsed = 00:00:00 . Memory (MB): peak = 877.141 ; gain = 0.000
INFO: [Project 1-111] Unisim Transformation Summary:
No Unisim elements were transformed.

Constraint Validation Runtime : Time (s): cpu = 00:00:00 ; elapsed = 00:00:00.006 . Memory (MB): peak = 877.141 ; gain = 0.000
---------------------------------------------------------------------------------
Finished Constraint Validation : Time (s): cpu = 00:00:16 ; elapsed = 00:00:18 . Memory (MB): peak = 877.141 ; gain = 394.289
---------------------------------------------------------------------------------
---------------------------------------------------------------------------------
Start Loading Part and Timing Information
---------------------------------------------------------------------------------
Loading part: xc7a12ticsg325-1L
---------------------------------------------------------------------------------
Finished Loading Part and Timing Information : Time (s): cpu = 00:00:16 ; elapsed = 00:00:18 . Memory (MB): peak = 877.141 ; gain = 394.289
---------------------------------------------------------------------------------
---------------------------------------------------------------------------------
Start Applying 'set_property' XDC Constraints
---------------------------------------------------------------------------------
---------------------------------------------------------------------------------
Finished applying 'set_property' XDC Constraints : Time (s): cpu = 00:00:16 ; elapsed = 00:00:18 . Memory (MB): peak = 877.141 ; gain = 394.289
---------------------------------------------------------------------------------
INFO: [Synth 8-5818] HDL ADVISOR - The operator resource <adder> is shared. To prevent sharing consider applying a KEEP on the output of the operator [D:/GoogleDrive/Sophomore/DLAB/Pika/pika_2p/pika_2p.srcs/sources_1/new/pika_2P.v:252]
INFO: [Synth 8-5818] HDL ADVISOR - The operator resource <adder> is shared. To prevent sharing consider applying a KEEP on the output of the operator [D:/GoogleDrive/Sophomore/DLAB/Pika/pika_2p/pika_2p.srcs/sources_1/new/pika_2P.v:238]
INFO: [Synth 8-5818] HDL ADVISOR - The operator resource <adder> is shared. To prevent sharing consider applying a KEEP on the output of the operator [D:/GoogleDrive/Sophomore/DLAB/Pika/pika_2p/pika_2p.srcs/sources_1/new/pika_2P.v:286]
WARNING: [Synth 8-3936] Found unconnected internal register 'pixel_addr_pika2_reg' and it is trimmed from '18' to '17' bits. [D:/GoogleDrive/Sophomore/DLAB/Pika/pika_2p/pika_2p.srcs/sources_1/new/pika_2P.v:150]
---------------------------------------------------------------------------------
Finished RTL Optimization Phase 2 : Time (s): cpu = 00:00:17 ; elapsed = 00:00:19 . Memory (MB): peak = 877.141 ; gain = 394.289
---------------------------------------------------------------------------------

Report RTL Partitions: 
+-+--------------+------------+----------+
| |RTL Partition |Replication |Instances |
+-+--------------+------------+----------+
+-+--------------+------------+----------+
---------------------------------------------------------------------------------
Start RTL Component Statistics 
---------------------------------------------------------------------------------
Detailed RTL Component Info : 
+---Adders : 
	   2 Input     33 Bit       Adders := 1     
	   2 Input     32 Bit       Adders := 2     
	   3 Input     32 Bit       Adders := 1     
	   3 Input     18 Bit       Adders := 1     
	   3 Input     17 Bit       Adders := 1     
	   3 Input     12 Bit       Adders := 2     
	   2 Input     11 Bit       Adders := 2     
	   2 Input     10 Bit       Adders := 3     
	   3 Input     10 Bit       Adders := 1     
	   2 Input      9 Bit       Adders := 1     
	   2 Input      8 Bit       Adders := 1     
	   2 Input      5 Bit       Adders := 2     
+---Registers : 
	               32 Bit    Registers := 1     
	               17 Bit    Registers := 3     
	               12 Bit    Registers := 4     
	               10 Bit    Registers := 3     
	                9 Bit    Registers := 1     
	                8 Bit    Registers := 1     
	                5 Bit    Registers := 1     
	                3 Bit    Registers := 1     
	                1 Bit    Registers := 8     
+---RAMs : 
	             900K Bit         RAMs := 1     
	             105K Bit         RAMs := 1     
	               4K Bit         RAMs := 1     
+---Muxes : 
	   2 Input     32 Bit        Muxes := 4     
	   2 Input     12 Bit        Muxes := 5     
	   2 Input     10 Bit        Muxes := 1     
	   2 Input      8 Bit        Muxes := 1     
	   2 Input      5 Bit        Muxes := 6     
	   2 Input      2 Bit        Muxes := 1     
	   2 Input      1 Bit        Muxes := 19    
	   4 Input      1 Bit        Muxes := 1     
	   3 Input      1 Bit        Muxes := 1     
---------------------------------------------------------------------------------
Finished RTL Component Statistics 
---------------------------------------------------------------------------------
---------------------------------------------------------------------------------
Start RTL Hierarchical Component Statistics 
---------------------------------------------------------------------------------
Hierarchical RTL Component report 
Module pika_2P 
Detailed RTL Component Info : 
+---Adders : 
	   2 Input     33 Bit       Adders := 1     
	   2 Input     32 Bit       Adders := 2     
	   3 Input     32 Bit       Adders := 1     
	   3 Input     18 Bit       Adders := 1     
	   3 Input     17 Bit       Adders := 1     
	   3 Input     12 Bit       Adders := 2     
	   2 Input     11 Bit       Adders := 2     
	   3 Input     10 Bit       Adders := 1     
	   2 Input     10 Bit       Adders := 1     
	   2 Input      9 Bit       Adders := 1     
	   2 Input      5 Bit       Adders := 2     
+---Registers : 
	               32 Bit    Registers := 1     
	               17 Bit    Registers := 3     
	               12 Bit    Registers := 1     
	               10 Bit    Registers := 1     
	                9 Bit    Registers := 1     
	                5 Bit    Registers := 1     
	                3 Bit    Registers := 1     
	                1 Bit    Registers := 4     
+---Muxes : 
	   2 Input     32 Bit        Muxes := 4     
	   2 Input     12 Bit        Muxes := 2     
	   2 Input     10 Bit        Muxes := 1     
	   2 Input      5 Bit        Muxes := 6     
	   2 Input      2 Bit        Muxes := 1     
	   2 Input      1 Bit        Muxes := 17    
	   4 Input      1 Bit        Muxes := 1     
	   3 Input      1 Bit        Muxes := 1     
Module vga_sync 
Detailed RTL Component Info : 
+---Adders : 
	   2 Input     10 Bit       Adders := 2     
+---Registers : 
	               10 Bit    Registers := 2     
	                1 Bit    Registers := 3     
+---Muxes : 
	   2 Input      1 Bit        Muxes := 2     
Module clk_divider 
Detailed RTL Component Info : 
+---Adders : 
	   2 Input      8 Bit       Adders := 1     
+---Registers : 
	                8 Bit    Registers := 1     
	                1 Bit    Registers := 1     
+---Muxes : 
	   2 Input      8 Bit        Muxes := 1     
Module sram 
Detailed RTL Component Info : 
+---Registers : 
	               12 Bit    Registers := 1     
+---RAMs : 
	             900K Bit         RAMs := 1     
+---Muxes : 
	   2 Input     12 Bit        Muxes := 1     
Module sram_ball 
Detailed RTL Component Info : 
+---Registers : 
	               12 Bit    Registers := 1     
+---RAMs : 
	               4K Bit         RAMs := 1     
+---Muxes : 
	   2 Input     12 Bit        Muxes := 1     
Module sram_pika2 
Detailed RTL Component Info : 
+---Registers : 
	               12 Bit    Registers := 1     
+---RAMs : 
	             105K Bit         RAMs := 1     
+---Muxes : 
	   2 Input     12 Bit        Muxes := 1     
---------------------------------------------------------------------------------
Finished RTL Hierarchical Component Statistics
---------------------------------------------------------------------------------
---------------------------------------------------------------------------------
Start Part Resource Summary
---------------------------------------------------------------------------------
Part Resources:
DSPs: 40 (col length:40)
BRAMs: 40 (col length: RAMB18 40 RAMB36 20)
---------------------------------------------------------------------------------
Finished Part Resource Summary
---------------------------------------------------------------------------------
---------------------------------------------------------------------------------
Start Cross Boundary and Area Optimization
---------------------------------------------------------------------------------
Warning: Parallel synthesis criteria is not met 
WARNING: [Synth 8-3936] Found unconnected internal register 'pixel_addr_pika2_reg' and it is trimmed from '17' to '14' bits. [D:/GoogleDrive/Sophomore/DLAB/Pika/pika_2p/pika_2p.srcs/sources_1/new/pika_2P.v:150]
DSP Report: Generating DSP pixel_addr_ball_reg, operation Mode is: C+A*(B:0x14).
DSP Report: register pixel_addr_ball_reg is absorbed into DSP pixel_addr_ball_reg.
DSP Report: operator pixel_addr_ball0 is absorbed into DSP pixel_addr_ball_reg.
DSP Report: operator pixel_addr_ball1 is absorbed into DSP pixel_addr_ball_reg.
DSP Report: Generating DSP pixel_addr_pika2_reg, operation Mode is: C+A*(B:0x32).
DSP Report: register pixel_addr_pika2_reg is absorbed into DSP pixel_addr_pika2_reg.
DSP Report: operator pixel_addr_pika20 is absorbed into DSP pixel_addr_pika2_reg.
DSP Report: operator pixel_addr_pika21 is absorbed into DSP pixel_addr_pika2_reg.
WARNING: [Synth 8-3331] design pika_2P has unconnected port usr_led[3]
WARNING: [Synth 8-3331] design pika_2P has unconnected port usr_led[2]
WARNING: [Synth 8-3331] design pika_2P has unconnected port usr_led[1]
WARNING: [Synth 8-3331] design pika_2P has unconnected port usr_led[0]
INFO: [Synth 8-3333] propagating constant 1 across sequential element (\kill_reg[0] )
INFO: [Synth 8-3886] merging instance 'kill_reg[1]' (FDRE) to 'kill_reg[2]'
INFO: [Synth 8-3333] propagating constant 0 across sequential element (\kill_reg[2] )
INFO: [Synth 8-3886] merging instance 'i_20/ram0/RAM_reg_mux_sel__11' (FD) to 'i_20/ram0/RAM_reg_mux_sel__22'
INFO: [Synth 8-3886] merging instance 'i_20/ram0/RAM_reg_mux_sel' (FD) to 'i_20/ram0/RAM_reg_mux_sel__10'
INFO: [Synth 8-3886] merging instance 'i_20/ram0/RAM_reg_mux_sel__12' (FD) to 'i_20/ram0/RAM_reg_mux_sel__22'
INFO: [Synth 8-3886] merging instance 'i_20/ram0/RAM_reg_mux_sel__0' (FD) to 'i_20/ram0/RAM_reg_mux_sel__10'
INFO: [Synth 8-3886] merging instance 'i_20/ram0/RAM_reg_mux_sel__13' (FD) to 'i_20/ram0/RAM_reg_mux_sel__22'
INFO: [Synth 8-3886] merging instance 'i_20/ram0/RAM_reg_mux_sel__1' (FD) to 'i_20/ram0/RAM_reg_mux_sel__10'
INFO: [Synth 8-3886] merging instance 'i_20/ram0/RAM_reg_mux_sel__14' (FD) to 'i_20/ram0/RAM_reg_mux_sel__22'
INFO: [Synth 8-3886] merging instance 'i_20/ram0/RAM_reg_mux_sel__2' (FD) to 'i_20/ram0/RAM_reg_mux_sel__10'
INFO: [Synth 8-3886] merging instance 'i_20/ram0/RAM_reg_mux_sel__15' (FD) to 'i_20/ram0/RAM_reg_mux_sel__22'
INFO: [Synth 8-3886] merging instance 'i_20/ram0/RAM_reg_mux_sel__3' (FD) to 'i_20/ram0/RAM_reg_mux_sel__10'
INFO: [Synth 8-3886] merging instance 'i_20/ram0/RAM_reg_mux_sel__16' (FD) to 'i_20/ram0/RAM_reg_mux_sel__22'
INFO: [Synth 8-3886] merging instance 'i_20/ram0/RAM_reg_mux_sel__4' (FD) to 'i_20/ram0/RAM_reg_mux_sel__10'
INFO: [Synth 8-3886] merging instance 'i_20/ram0/RAM_reg_mux_sel__17' (FD) to 'i_20/ram0/RAM_reg_mux_sel__22'
INFO: [Synth 8-3886] merging instance 'i_20/ram0/RAM_reg_mux_sel__5' (FD) to 'i_20/ram0/RAM_reg_mux_sel__10'
INFO: [Synth 8-3886] merging instance 'i_20/ram0/RAM_reg_mux_sel__18' (FD) to 'i_20/ram0/RAM_reg_mux_sel__22'
INFO: [Synth 8-3886] merging instance 'i_20/ram0/RAM_reg_mux_sel__6' (FD) to 'i_20/ram0/RAM_reg_mux_sel__10'
INFO: [Synth 8-3886] merging instance 'i_20/ram0/RAM_reg_mux_sel__19' (FD) to 'i_20/ram0/RAM_reg_mux_sel__22'
INFO: [Synth 8-3886] merging instance 'i_20/ram0/RAM_reg_mux_sel__7' (FD) to 'i_20/ram0/RAM_reg_mux_sel__10'
INFO: [Synth 8-3886] merging instance 'i_20/ram0/RAM_reg_mux_sel__20' (FD) to 'i_20/ram0/RAM_reg_mux_sel__22'
INFO: [Synth 8-3886] merging instance 'i_20/ram0/RAM_reg_mux_sel__8' (FD) to 'i_20/ram0/RAM_reg_mux_sel__10'
INFO: [Synth 8-3886] merging instance 'i_20/ram0/RAM_reg_mux_sel__21' (FD) to 'i_20/ram0/RAM_reg_mux_sel__22'
INFO: [Synth 8-3886] merging instance 'i_20/ram0/RAM_reg_mux_sel__9' (FD) to 'i_20/ram0/RAM_reg_mux_sel__10'
---------------------------------------------------------------------------------
Finished Cross Boundary and Area Optimization : Time (s): cpu = 00:00:23 ; elapsed = 00:00:25 . Memory (MB): peak = 877.141 ; gain = 394.289
---------------------------------------------------------------------------------
WARNING: [Synth 8-5835] Resources of type BRAM have been overutilized. Used = 85, Available = 40. Will try to implement using LUT-RAM. 
WARNING: [Synth 8-6849] Infeasible attribute ram_style = "block" set for RAM "pika_2P/sramball/RAM_reg",trying to implement using LUTRAM
WARNING: [Synth 8-6849] Infeasible attribute ram_style = "block" set for RAM "pika_2P/pika2sram/RAM_reg",trying to implement using LUTRAM
WARNING: [Synth 8-6849] Infeasible attribute ram_style = "block" set for RAM "pika_2P/ram0/RAM_reg",trying to implement using LUTRAM
---------------------------------------------------------------------------------
Start ROM, RAM, DSP and Shift Register Reporting
---------------------------------------------------------------------------------

Distributed RAM: Preliminary Mapping  Report (see note below)
+------------+-------------------+-----------+----------------------+-------------------------------------------------+
|Module Name | RTL Object        | Inference | Size (Depth x Width) | Primitives                                      | 
+------------+-------------------+-----------+----------------------+-------------------------------------------------+
|pika_2P     | sramball/RAM_reg  | Implied   | 512 x 12             | RAM16X1S x 12  RAM128X1S x 12  RAM256X1S x 12   | 
|pika_2P     | pika2sram/RAM_reg | Implied   | 16 K x 12            | RAM16X1S x 12  RAM32X1S x 12  RAM256X1S x 420   | 
|pika_2P     | ram0/RAM_reg      | Implied   | 128 K x 12           | RAM256X1S x 3600                                | 
+------------+-------------------+-----------+----------------------+-------------------------------------------------+

Note: The table above is a preliminary report that shows the Distributed RAMs at the current stage of the synthesis flow. Some Distributed RAMs may be reimplemented as non Distributed RAM primitives later in the synthesis flow. Multiple instantiated RAMs are reported only once.

DSP: Preliminary Mapping  Report (see note below)
+------------+--------------+--------+--------+--------+--------+--------+------+------+------+------+-------+------+------+
|Module Name | DSP Mapping  | A Size | B Size | C Size | D Size | P Size | AREG | BREG | CREG | DREG | ADREG | MREG | PREG | 
+------------+--------------+--------+--------+--------+--------+--------+------+------+------+------+-------+------+------+
|pika_2P     | C+A*(B:0x14) | 17     | 5      | 17     | -      | 17     | 0    | 0    | 0    | -    | -     | 0    | 1    | 
|pika_2P     | C+A*(B:0x32) | 14     | 6      | 14     | -      | 14     | 0    | 0    | 0    | -    | -     | 0    | 1    | 
+------------+--------------+--------+--------+--------+--------+--------+------+------+------+------+-------+------+------+

Note: The table above is a preliminary report that shows the DSPs inferred at the current stage of the synthesis flow. Some DSP may be reimplemented as non DSP primitives later in the synthesis flow. Multiple instantiated DSPs are reported only once.
---------------------------------------------------------------------------------
Finished ROM, RAM, DSP and Shift Register Reporting
---------------------------------------------------------------------------------

Report RTL Partitions: 
+-+--------------+------------+----------+
| |RTL Partition |Replication |Instances |
+-+--------------+------------+----------+
+-+--------------+------------+----------+
---------------------------------------------------------------------------------
Start Applying XDC Timing Constraints
---------------------------------------------------------------------------------
---------------------------------------------------------------------------------
Finished Applying XDC Timing Constraints : Time (s): cpu = 00:00:43 ; elapsed = 00:00:45 . Memory (MB): peak = 904.461 ; gain = 421.609
---------------------------------------------------------------------------------
---------------------------------------------------------------------------------
Start Timing Optimization
---------------------------------------------------------------------------------
---------------------------------------------------------------------------------
Finished Timing Optimization : Time (s): cpu = 00:00:52 ; elapsed = 00:00:53 . Memory (MB): peak = 964.945 ; gain = 482.094
---------------------------------------------------------------------------------
---------------------------------------------------------------------------------
Start ROM, RAM, DSP and Shift Register Reporting
---------------------------------------------------------------------------------

Distributed RAM: Final Mapping  Report
+------------+-------------------+-----------+----------------------+-------------------------------------------------+
|Module Name | RTL Object        | Inference | Size (Depth x Width) | Primitives                                      | 
+------------+-------------------+-----------+----------------------+-------------------------------------------------+
|pika_2P     | sramball/RAM_reg  | Implied   | 512 x 12             | RAM16X1S x 12  RAM128X1S x 12  RAM256X1S x 12   | 
|pika_2P     | pika2sram/RAM_reg | Implied   | 16 K x 12            | RAM16X1S x 12  RAM32X1S x 12  RAM256X1S x 420   | 
|pika_2P     | ram0/RAM_reg      | Implied   | 128 K x 12           | RAM256X1S x 3600                                | 
+------------+-------------------+-----------+----------------------+-------------------------------------------------+

---------------------------------------------------------------------------------
Finished ROM, RAM, DSP and Shift Register Reporting
---------------------------------------------------------------------------------

Report RTL Partitions: 
+-+--------------+------------+----------+
| |RTL Partition |Replication |Instances |
+-+--------------+------------+----------+
+-+--------------+------------+----------+
---------------------------------------------------------------------------------
Start Technology Mapping
---------------------------------------------------------------------------------
INFO: [Synth 8-3886] merging instance 'clk_divider0/counter_reg[0]' (FDR) to 'clk_divider0/clk_out_reg'
---------------------------------------------------------------------------------
Finished Technology Mapping : Time (s): cpu = 00:01:01 ; elapsed = 00:01:03 . Memory (MB): peak = 1058.223 ; gain = 575.371
---------------------------------------------------------------------------------

Report RTL Partitions: 
+-+--------------+------------+----------+
| |RTL Partition |Replication |Instances |
+-+--------------+------------+----------+
+-+--------------+------------+----------+
---------------------------------------------------------------------------------
Start IO Insertion
---------------------------------------------------------------------------------
---------------------------------------------------------------------------------
Start Flattening Before IO Insertion
---------------------------------------------------------------------------------
---------------------------------------------------------------------------------
Finished Flattening Before IO Insertion
---------------------------------------------------------------------------------
---------------------------------------------------------------------------------
Start Final Netlist Cleanup
---------------------------------------------------------------------------------
---------------------------------------------------------------------------------
Finished Final Netlist Cleanup
---------------------------------------------------------------------------------
---------------------------------------------------------------------------------
Finished IO Insertion : Time (s): cpu = 00:01:06 ; elapsed = 00:01:08 . Memory (MB): peak = 1063.383 ; gain = 580.531
---------------------------------------------------------------------------------

Report Check Netlist: 
+------+------------------+-------+---------+-------+------------------+
|      |Item              |Errors |Warnings |Status |Description       |
+------+------------------+-------+---------+-------+------------------+
|1     |multi_driven_nets |      0|        0|Passed |Multi driven nets |
+------+------------------+-------+---------+-------+------------------+
---------------------------------------------------------------------------------
Start Renaming Generated Instances
---------------------------------------------------------------------------------
---------------------------------------------------------------------------------
Finished Renaming Generated Instances : Time (s): cpu = 00:01:06 ; elapsed = 00:01:08 . Memory (MB): peak = 1063.383 ; gain = 580.531
---------------------------------------------------------------------------------

Report RTL Partitions: 
+-+--------------+------------+----------+
| |RTL Partition |Replication |Instances |
+-+--------------+------------+----------+
+-+--------------+------------+----------+
---------------------------------------------------------------------------------
Start Rebuilding User Hierarchy
---------------------------------------------------------------------------------
---------------------------------------------------------------------------------
Finished Rebuilding User Hierarchy : Time (s): cpu = 00:01:09 ; elapsed = 00:01:10 . Memory (MB): peak = 1063.383 ; gain = 580.531
---------------------------------------------------------------------------------
---------------------------------------------------------------------------------
Start Renaming Generated Ports
---------------------------------------------------------------------------------
---------------------------------------------------------------------------------
Finished Renaming Generated Ports : Time (s): cpu = 00:01:09 ; elapsed = 00:01:10 . Memory (MB): peak = 1063.383 ; gain = 580.531
---------------------------------------------------------------------------------
---------------------------------------------------------------------------------
Start Handling Custom Attributes
---------------------------------------------------------------------------------
---------------------------------------------------------------------------------
Finished Handling Custom Attributes : Time (s): cpu = 00:01:09 ; elapsed = 00:01:11 . Memory (MB): peak = 1063.383 ; gain = 580.531
---------------------------------------------------------------------------------
---------------------------------------------------------------------------------
Start Renaming Generated Nets
---------------------------------------------------------------------------------
---------------------------------------------------------------------------------
Finished Renaming Generated Nets : Time (s): cpu = 00:01:09 ; elapsed = 00:01:11 . Memory (MB): peak = 1063.383 ; gain = 580.531
---------------------------------------------------------------------------------
---------------------------------------------------------------------------------
Start Writing Synthesis Report
---------------------------------------------------------------------------------

Report BlackBoxes: 
+-+--------------+----------+
| |BlackBox name |Instances |
+-+--------------+----------+
+-+--------------+----------+

Report Cell Usage: 
+------+----------+------+
|      |Cell      |Count |
+------+----------+------+
|1     |BUFG      |     1|
|2     |CARRY4    |    62|
|3     |DSP48E1   |     2|
|4     |LUT1      |    45|
|5     |LUT2      |   140|
|6     |LUT3      |   143|
|7     |LUT4      |  1216|
|8     |LUT5      |   277|
|9     |LUT6      |  2372|
|10    |MUXF7     |   520|
|11    |MUXF8     |   218|
|12    |RAM128X1S |    12|
|13    |RAM16X1S  |    24|
|14    |RAM256X1S |  4032|
|15    |RAM32X1S  |    12|
|16    |FDRE      |   269|
|17    |FDSE      |     9|
|18    |IBUF      |     6|
|19    |OBUF      |    14|
|20    |OBUFT     |     4|
+------+----------+------+

Report Instance Areas: 
+------+---------------+------------+------+
|      |Instance       |Module      |Cells |
+------+---------------+------------+------+
|1     |top            |            |  9378|
|2     |  clk_divider0 |clk_divider |     2|
|3     |  pika2sram    |sram_pika2  |   725|
|4     |  ram0         |sram        |  7882|
|5     |  sramball     |sram_ball   |    90|
|6     |  vs0          |vga_sync    |   222|
+------+---------------+------------+------+
---------------------------------------------------------------------------------
Finished Writing Synthesis Report : Time (s): cpu = 00:01:09 ; elapsed = 00:01:11 . Memory (MB): peak = 1063.383 ; gain = 580.531
---------------------------------------------------------------------------------
Synthesis finished with 0 errors, 0 critical warnings and 10 warnings.
Synthesis Optimization Runtime : Time (s): cpu = 00:00:58 ; elapsed = 00:01:08 . Memory (MB): peak = 1063.383 ; gain = 480.777
Synthesis Optimization Complete : Time (s): cpu = 00:01:09 ; elapsed = 00:01:11 . Memory (MB): peak = 1063.383 ; gain = 580.531
INFO: [Project 1-571] Translating synthesized netlist
INFO: [Netlist 29-17] Analyzing 4882 Unisim elements for replacement
INFO: [Netlist 29-28] Unisim Transformation completed in 5 CPU seconds
WARNING: [Netlist 29-101] Netlist 'pika_2P' is not ideal for floorplanning, since the cellview 'sram' contains a large number of primitives.  Please consider enabling hierarchy in synthesis if you want to do floorplanning.
INFO: [Project 1-570] Preparing netlist for logic optimization
INFO: [Opt 31-138] Pushed 0 inverter(s) to 0 load pin(s).
Netlist sorting complete. Time (s): cpu = 00:00:00 ; elapsed = 00:00:00.045 . Memory (MB): peak = 1063.383 ; gain = 0.000
INFO: [Project 1-111] Unisim Transformation Summary:
  A total of 4080 instances were transformed.
  RAM128X1S => RAM128X1S (MUXF7, RAMS64E, RAMS64E): 12 instances
  RAM16X1S => RAM32X1S (RAMS32): 24 instances
  RAM256X1S => RAM256X1S (MUXF7, MUXF7, MUXF8, RAMS64E, RAMS64E, RAMS64E, RAMS64E): 4032 instances
  RAM32X1S => RAM32X1S (RAMS32): 12 instances

INFO: [Common 17-83] Releasing license: Synthesis
59 Infos, 33 Warnings, 0 Critical Warnings and 0 Errors encountered.
synth_design completed successfully
synth_design: Time (s): cpu = 00:01:27 ; elapsed = 00:01:29 . Memory (MB): peak = 1063.383 ; gain = 773.375
Netlist sorting complete. Time (s): cpu = 00:00:00 ; elapsed = 00:00:00.046 . Memory (MB): peak = 1063.383 ; gain = 0.000
WARNING: [Constraints 18-5210] No constraints selected for write.
Resolution: This message can indicate that there are no constraints for the design, or it can indicate that the used_in flags are set such that the constraints are ignored. This later case is used when running synth_design to not write synthesis constraints to the resulting checkpoint. Instead, project constraints are read when the synthesized design is opened.
INFO: [Common 17-1381] The checkpoint 'D:/GoogleDrive/Sophomore/DLAB/Pika/pika_2p/pika_2p.runs/synth_1/pika_2P.dcp' has been generated.
INFO: [runtcl-4] Executing : report_utilization -file pika_2P_utilization_synth.rpt -pb pika_2P_utilization_synth.pb
INFO: [Common 17-206] Exiting Vivado at Wed Jan  1 15:25:07 2020...
